build/app/outputs/mapping/release/seeds.txt
com.talhaiqbal.theouthouse.MainActivity
com.talhaiqbal.theouthouse.MainActivity: MainActivity()
...
androidx.window.embedding.ExtensionEmbeddingBackend: void getSplitChangeCallbacks$annotations()
io.flutter.embedding.engine.FlutterJNI: io.flutter.embedding.engine.FlutterOverlaySurface createOverlaySurface()
com.google.android.gms.ads.admanager.AdManagerAdView: com.google.android.gms.ads.admanager.AppEventListener getAppEventListener()
org.chromium.support_lib_boundary.JsReplyProxyBoundaryInterface: void postMessage(java.lang.String)
com.pichillilorenzo.flutter_inappwebview.in_app_webview.InAppWebViewOptions: com.pichillilorenzo.flutter_inappwebview.in_app_webview.InAppWebViewOptions parse(java.util.Map)
com.facebook.ads.RewardedInterstitialAd$RewardedInterstitialAdLoadConfigBuilder: com.facebook.ads.Ad$LoadConfigBuilder withBid(java.lang.String)
com.facebook.ads.internal.api.AdViewApi: void onConfigurationChanged(android.content.res.Configuration)
com.pichillilorenzo.flutter_inappwebview.in_app_webview.InAppWebView: java.util.Map getWebMessageChannels()
androidx.window.embedding.SplitRuleParser: androidx.window.embedding.SplitPairRule parseSplitPairRule(android.content.Context,android.content.res.XmlResourceParser)
com.pichillilorenzo.flutter_inappwebview.types.HitTestResult: java.lang.String toString()
androidx.appcompat.widget.ViewStubCompat: int getLayoutResource()
com.pichillilorenzo.flutter_inappwebview.types.NavigationActionPolicy: NavigationActionPolicy(java.lang.String,int,int)
androidx.window.layout.FoldingFeature: androidx.window.layout.FoldingFeature$Orientation getOrientation()
androidx.media.AudioAttributesImplApi21: AudioAttributesImplApi21()
com.pichillilorenzo.flutter_inappwebview.types.HitTestResult: com.pichillilorenzo.flutter_inappwebview.types.HitTestResult fromWebViewHitTestResult(android.webkit.WebView$HitTestResult)
androidx.window.layout.SidecarWindowBackend: void registerLayoutChangeCallback(android.app.Activity,java.util.concurrent.Executor,androidx.core.util.Consumer)
com.facebook.ads.AdView: java.lang.String getPlacementId()
androidx.window.layout.WindowMetrics: WindowMetrics(androidx.window.core.Bounds)
com.facebook.ads.RewardedVideoAd: void destroy()
kotlin.jvm.internal.FunctionReference: boolean isInline()
androidx.emoji2.text.EmojiCompatInitializer: EmojiCompatInitializer()
androidx.core.app.AppOpsManagerCompat$Api29Impl: java.lang.String getOpPackageName(android.content.Context)
androidx.window.layout.SidecarWindowBackend$Companion: void resetInstance()
androidx.activity.ComponentActivity: void addMenuProvider(androidx.core.view.MenuProvider,androidx.lifecycle.LifecycleOwner,androidx.lifecycle.Lifecycle$State)
androidx.work.impl.background.systemalarm.ConstraintProxy$NetworkStateProxy: ConstraintProxy$NetworkStateProxy()
androidx.appcompat.widget.DropDownListView: void setSelector(android.graphics.drawable.Drawable)
androidx.appcompat.widget.SearchView: void setOnSuggestionListener(androidx.appcompat.widget.SearchView$OnSuggestionListener)
androidx.window.embedding.ExtensionEmbeddingBackend$Companion: ExtensionEmbeddingBackend$Companion()
com.pichillilorenzo.flutter_inappwebview.content_blocker.ContentBlockerHandler: ContentBlockerHandler(java.util.List)
androidx.appcompat.widget.Toolbar: java.util.ArrayList getCurrentMenuItems()
com.facebook.ads.internal.api.NativeAdBaseApi: java.lang.String getAdChoicesImageUrl()
com.facebook.ads.NativeAdScrollView$AdViewProvider: android.view.View createView(com.facebook.ads.NativeAd,int)
androidx.window.embedding.SplitPairFilter: SplitPairFilter(android.content.ComponentName,android.content.ComponentName,java.lang.String)
com.facebook.ads.NativeBannerAd: NativeBannerAd(android.content.Context,com.facebook.ads.internal.api.NativeAdBaseApi)
com.facebook.ads.internal.api.NativeAdImageApi: int getHeight()
com.pichillilorenzo.flutter_inappwebview.in_app_webview.FlutterWebView$1: FlutterWebView$1(com.pichillilorenzo.flutter_inappwebview.in_app_webview.FlutterWebView)
androidx.fragment.app.FragmentActivity: void onPostResume()